[     216ms] [LOG] not correct url correcting /d/oneproduct-overview/oneproduct-e28094-api-overview /d/oneproduct-overview/oneproduct-api-overview @ http://localhost:3000/public/build/322.9e448e90c86f8dd2907e.js:274
[     235ms] [ERROR] {message: Datasource prometheus was not found} @ http://localhost:3000/public/build/3379.020d2edcd8eb1d9f6d9a.js:358
[     235ms] [ERROR] SceneVariableSet updateAndValidate error {message: Datasource prometheus was not found} @ http://localhost:3000/public/build/3379.020d2edcd8eb1d9f6d9a.js:38
[     251ms] [ERROR] [Metrics] Failed to stopMeasure loadDashboardScene SyntaxError: Failed to execute 'measure' on 'Performance': The mark 'loadDashboardScene_started' does not exist.
    at r (http://localhost:3000/public/build/322.9e448e90c86f8dd2907e.js:274:6860)
    at C.loadDashboard (http://localhost:3000/public/build/322.9e448e90c86f8dd2907e.js:275:223203) @ http://localhost:3000/public/build/322.9e448e90c86f8dd2907e.js:273
[     287ms] [ERROR] {message: Datasource prometheus was not found} @ http://localhost:3000/public/build/3379.020d2edcd8eb1d9f6d9a.js:358
[     287ms] [ERROR] PanelQueryRunner Error {message: Datasource prometheus was not found} @ http://localhost:3000/public/build/3379.020d2edcd8eb1d9f6d9a.js:38
[     287ms] [ERROR] {message: Datasource prometheus was not found} @ http://localhost:3000/public/build/3379.020d2edcd8eb1d9f6d9a.js:358
[     287ms] [ERROR] PanelQueryRunner Error {message: Datasource prometheus was not found} @ http://localhost:3000/public/build/3379.020d2edcd8eb1d9f6d9a.js:38
[     287ms] [ERROR] {message: Datasource prometheus was not found} @ http://localhost:3000/public/build/3379.020d2edcd8eb1d9f6d9a.js:358
[     287ms] [ERROR] PanelQueryRunner Error {message: Datasource prometheus was not found} @ http://localhost:3000/public/build/3379.020d2edcd8eb1d9f6d9a.js:38
[     287ms] [ERROR] {message: Datasource prometheus was not found} @ http://localhost:3000/public/build/3379.020d2edcd8eb1d9f6d9a.js:358
[     287ms] [ERROR] PanelQueryRunner Error {message: Datasource prometheus was not found} @ http://localhost:3000/public/build/3379.020d2edcd8eb1d9f6d9a.js:38
[     366ms] [WARNING] <meta name="apple-mobile-web-app-capable" content="yes"> is deprecated. Please include <meta name="mobile-web-app-capable" content="yes"> @ http://localhost:3000/d/oneproduct-overview/oneproduct-e28094-api-overview?orgId=1&from=now-15m&to=now&kiosk=&timezone=browser&var-route=&refresh=30s:0
[   13229ms] [ERROR] {message: Datasource prometheus was not found} @ http://localhost:3000/public/build/3379.020d2edcd8eb1d9f6d9a.js:358
[   13230ms] [ERROR] PanelQueryRunner Error {message: Datasource prometheus was not found} @ http://localhost:3000/public/build/3379.020d2edcd8eb1d9f6d9a.js:38
[   13230ms] [ERROR] {message: Datasource prometheus was not found} @ http://localhost:3000/public/build/3379.020d2edcd8eb1d9f6d9a.js:358
[   13230ms] [ERROR] PanelQueryRunner Error {message: Datasource prometheus was not found} @ http://localhost:3000/public/build/3379.020d2edcd8eb1d9f6d9a.js:38
[   13230ms] [ERROR] {message: Datasource prometheus was not found} @ http://localhost:3000/public/build/3379.020d2edcd8eb1d9f6d9a.js:358
[   13230ms] [ERROR] PanelQueryRunner Error {message: Datasource prometheus was not found} @ http://localhost:3000/public/build/3379.020d2edcd8eb1d9f6d9a.js:38
[   13231ms] [ERROR] {message: Datasource prometheus was not found} @ http://localhost:3000/public/build/3379.020d2edcd8eb1d9f6d9a.js:358
[   13231ms] [ERROR] PanelQueryRunner Error {message: Datasource prometheus was not found} @ http://localhost:3000/public/build/3379.020d2edcd8eb1d9f6d9a.js:38
[   13282ms] [ERROR] {message: Datasource prometheus was not found} @ http://localhost:3000/public/build/3379.020d2edcd8eb1d9f6d9a.js:358
[   13282ms] [ERROR] PanelQueryRunner Error {message: Datasource prometheus was not found} @ http://localhost:3000/public/build/3379.020d2edcd8eb1d9f6d9a.js:38
[   30257ms] [ERROR] {message: Datasource prometheus was not found} @ http://localhost:3000/public/build/3379.020d2edcd8eb1d9f6d9a.js:358
[   30257ms] [ERROR] {message: Datasource prometheus was not found} @ http://localhost:3000/public/build/3379.020d2edcd8eb1d9f6d9a.js:358
[   30257ms] [ERROR] {message: Datasource prometheus was not found} @ http://localhost:3000/public/build/3379.020d2edcd8eb1d9f6d9a.js:358
[   30257ms] [ERROR] {message: Datasource prometheus was not found} @ http://localhost:3000/public/build/3379.020d2edcd8eb1d9f6d9a.js:358
[   30257ms] [ERROR] {message: Datasource prometheus was not found} @ http://localhost:3000/public/build/3379.020d2edcd8eb1d9f6d9a.js:358
[   30257ms] [ERROR] {message: Datasource prometheus was not found} @ http://localhost:3000/public/build/3379.020d2edcd8eb1d9f6d9a.js:358
[   30257ms] [ERROR] {message: Datasource prometheus was not found} @ http://localhost:3000/public/build/3379.020d2edcd8eb1d9f6d9a.js:358
[   30257ms] [ERROR] {message: Datasource prometheus was not found} @ http://localhost:3000/public/build/3379.020d2edcd8eb1d9f6d9a.js:358
[   30257ms] [ERROR] {message: Datasource prometheus was not found} @ http://localhost:3000/public/build/3379.020d2edcd8eb1d9f6d9a.js:358
[   30257ms] [ERROR] PanelQueryRunner Error {message: Datasource prometheus was not found} @ http://localhost:3000/public/build/3379.020d2edcd8eb1d9f6d9a.js:38
[   30258ms] [ERROR] PanelQueryRunner Error {message: Datasource prometheus was not found} @ http://localhost:3000/public/build/3379.020d2edcd8eb1d9f6d9a.js:38
[   30258ms] [ERROR] PanelQueryRunner Error {message: Datasource prometheus was not found} @ http://localhost:3000/public/build/3379.020d2edcd8eb1d9f6d9a.js:38
[   30258ms] [ERROR] PanelQueryRunner Error {message: Datasource prometheus was not found} @ http://localhost:3000/public/build/3379.020d2edcd8eb1d9f6d9a.js:38
[   30258ms] [ERROR] PanelQueryRunner Error {message: Datasource prometheus was not found} @ http://localhost:3000/public/build/3379.020d2edcd8eb1d9f6d9a.js:38
[   30258ms] [ERROR] PanelQueryRunner Error {message: Datasource prometheus was not found} @ http://localhost:3000/public/build/3379.020d2edcd8eb1d9f6d9a.js:38
[   30259ms] [ERROR] PanelQueryRunner Error {message: Datasource prometheus was not found} @ http://localhost:3000/public/build/3379.020d2edcd8eb1d9f6d9a.js:38
[   30259ms] [ERROR] PanelQueryRunner Error {message: Datasource prometheus was not found} @ http://localhost:3000/public/build/3379.020d2edcd8eb1d9f6d9a.js:38
[   30259ms] [ERROR] SceneVariableSet updateAndValidate error {message: Datasource prometheus was not found} @ http://localhost:3000/public/build/3379.020d2edcd8eb1d9f6d9a.js:38
[   30260ms] [ERROR] {message: Datasource prometheus was not found} @ http://localhost:3000/public/build/3379.020d2edcd8eb1d9f6d9a.js:358
[   30262ms] [ERROR] PanelQueryRunner Error {message: Datasource prometheus was not found} @ http://localhost:3000/public/build/3379.020d2edcd8eb1d9f6d9a.js:38
